Building DAG of jobs...
Using shell: /usr/bin/bash
Provided cores: 1 (use --cores to define parallelism)
Rules claiming more threads will be scaled down.
Job stats:
job        count
-------  -------
bwa_map        1
total          1

Select jobs to execute...

[Tue Aug 29 13:13:36 2023]
rule bwa_map:
    output: wild.txt
    jobid: 0
    reason: Missing output files: wild.txt
    wildcards: prefix=wild
    resources: tmpdir=/tmp

[Tue Aug 29 13:13:36 2023]
Finished job 0.
1 of 1 steps (100%) done
Complete log: .snakemake/log/2023-08-29T131336.492045.snakemake.log
