Building DAG of jobs...
Using shell: /usr/bin/bash
Provided cores: 1 (use --cores to define parallelism)
Rules claiming more threads will be scaled down.
Job stats:
job      count
-----  -------
Hello        1
world        1
total        2

Select jobs to execute...

[Tue Aug 29 13:18:50 2023]
rule Hello:
    output: wild.txt
    jobid: 1
    reason: Missing output files: wild.txt
    wildcards: prefix=wild
    resources: tmpdir=/tmp

[Tue Aug 29 13:18:50 2023]
Finished job 1.
1 of 2 steps (50%) done
Select jobs to execute...

[Tue Aug 29 13:18:50 2023]
rule world:
    input: wild.txt
    output: wild.second.csv
    jobid: 0
    reason: Missing output files: wild.second.csv; Input files updated by another job: wild.txt
    wildcards: prefix=wild
    resources: tmpdir=/tmp

[Tue Aug 29 13:18:50 2023]
Finished job 0.
2 of 2 steps (100%) done
Complete log: .snakemake/log/2023-08-29T131850.406976.snakemake.log
