Building DAG of jobs...
Using shell: /usr/bin/bash
Provided cores: 1 (use --cores to define parallelism)
Rules claiming more threads will be scaled down.
Job stats:
job      count
-----  -------
bello        1
total        1

Select jobs to execute...

[Tue Aug 29 13:27:56 2023]
rule bello:
    input: hello.txt
    output: hello.bello.tsv
    jobid: 0
    reason: Missing output files: hello.bello.tsv
    wildcards: prefix=hello
    resources: tmpdir=/tmp

[Tue Aug 29 13:27:57 2023]
Finished job 0.
1 of 1 steps (100%) done
Complete log: .snakemake/log/2023-08-29T132755.631035.snakemake.log
