Building DAG of jobs...
Using shell: /usr/bin/bash
Provided cores: 1 (use --cores to define parallelism)
Rules claiming more threads will be scaled down.
Job stats:
job      count
-----  -------
world        1
total        1

Select jobs to execute...

[Tue Aug 29 13:10:11 2023]
rule world:
    input: output.txt
    output: second.txt
    jobid: 0
    reason: Missing output files: second.txt
    resources: tmpdir=/tmp

[Tue Aug 29 13:10:11 2023]
Finished job 0.
1 of 1 steps (100%) done
Complete log: .snakemake/log/2023-08-29T131011.304879.snakemake.log
