Building DAG of jobs...
Using shell: /usr/bin/bash
Provided cores: 1 (use --cores to define parallelism)
Rules claiming more threads will be scaled down.
Job stats:
job      count
-----  -------
Hello        1
bello        1
total        2

Select jobs to execute...

[Tue Aug 29 13:25:28 2023]
rule Hello:
    output: hello.txt
    jobid: 1
    reason: Missing output files: hello.txt
    wildcards: prefix=hello
    resources: tmpdir=/tmp

[Tue Aug 29 13:25:28 2023]
Finished job 1.
1 of 2 steps (50%) done
Select jobs to execute...

[Tue Aug 29 13:25:28 2023]
rule bello:
    input: hello.txt
    output: hello.bello.tsv
    jobid: 0
    reason: Missing output files: hello.bello.tsv; Input files updated by another job: hello.txt
    wildcards: prefix=hello
    resources: tmpdir=/tmp

Shutting down, this might take some time.
Exiting because a job execution failed. Look above for error message
Complete log: .snakemake/log/2023-08-29T132527.606785.snakemake.log
