Building DAG of jobs...
Your conda installation is not configured to use strict channel priorities. This is however crucial for having robust and correct environments (for details, see https://conda-forge.org/docs/user/tipsandtricks.html). Please consider to configure strict priorities by executing 'conda config --set channel_priority strict'.
Creating conda environment Conda_Envs/Alignment.yaml...
Downloading and installing remote packages.
Environment for /home/drt06/Documents/Tall_fescue/Mapping_and_QTL/Mapping_and_QTL/workflow/Conda_Envs/Alignment.yaml created (location: .snakemake/conda/dbc37f846ec806b2967cf38d9820271d_)
Using shell: /usr/bin/bash
Provided cores: 1 (use --cores to define parallelism)
Rules claiming more threads will be scaled down.
Job stats:
job           count
----------  -------
Preprocess        1
total             1

Select jobs to execute...

[Tue Aug 29 16:42:05 2023]
rule Preprocess:
    jobid: 0
    reason: Rules with neither input nor output files are always executed.
    resources: tmpdir=/tmp

Activating conda environment: .snakemake/conda/dbc37f846ec806b2967cf38d9820271d_
[Tue Aug 29 16:42:06 2023]
Error in rule Preprocess:
    jobid: 0
    conda-env: /home/drt06/Documents/Tall_fescue/Mapping_and_QTL/Mapping_and_QTL/workflow/.snakemake/conda/dbc37f846ec806b2967cf38d9820271d_
    shell:
        which cutadapt
        (one of the commands exited with non-zero exit code; note that snakemake uses bash strict mode!)

Shutting down, this might take some time.
Exiting because a job execution failed. Look above for error message
Complete log: .snakemake/log/2023-08-29T164146.242669.snakemake.log
